Building...
warn: Microsoft.EntityFrameworkCore.Model.Validation[10620]
      The property 'FormSubmission.Attachments' is a collection or enumeration type with a value converter but with no value comparer. Set a value comparer to ensure the collection/enumeration elements are compared correctly.
warn: Microsoft.EntityFrameworkCore.Model.Validation[10620]
      The property 'FormSubmission.Data' is a collection or enumeration type with a value converter but with no value comparer. Set a value comparer to ensure the collection/enumeration elements are compared correctly.
warn: Microsoft.EntityFrameworkCore.Model.Validation[10620]
      The property 'FormSubmission.Notes' is a collection or enumeration type with a value converter but with no value comparer. Set a value comparer to ensure the collection/enumeration elements are compared correctly.
warn: Microsoft.EntityFrameworkCore.Model.Validation[10620]
      The property 'Product.Documents' is a collection or enumeration type with a value converter but with no value comparer. Set a value comparer to ensure the collection/enumeration elements are compared correctly.
warn: Microsoft.EntityFrameworkCore.Model.Validation[10620]
      The property 'Product.Images' is a collection or enumeration type with a value converter but with no value comparer. Set a value comparer to ensure the collection/enumeration elements are compared correctly.
warn: Microsoft.EntityFrameworkCore.Model.Validation[10620]
      The property 'Product.Specifications' is a collection or enumeration type with a value converter but with no value comparer. Set a value comparer to ensure the collection/enumeration elements are compared correctly.
warn: Microsoft.EntityFrameworkCore.Model.Validation[10620]
      The property 'Product.Variants' is a collection or enumeration type with a value converter but with no value comparer. Set a value comparer to ensure the collection/enumeration elements are compared correctly.
warn: Microsoft.EntityFrameworkCore.Model.Validation[10620]
      The property 'ProductAvailability.Regions' is a collection or enumeration type with a value converter but with no value comparer. Set a value comparer to ensure the collection/enumeration elements are compared correctly.
warn: Microsoft.EntityFrameworkCore.Model.Validation[10620]
      The property 'Station.Amenities' is a collection or enumeration type with a value converter but with no value comparer. Set a value comparer to ensure the collection/enumeration elements are compared correctly.
warn: Microsoft.EntityFrameworkCore.Model.Validation[10620]
      The property 'Station.BrandVisibility' is a collection or enumeration type with a value converter but with no value comparer. Set a value comparer to ensure the collection/enumeration elements are compared correctly.
warn: Microsoft.EntityFrameworkCore.Model.Validation[10620]
      The property 'Station.Chargers' is a collection or enumeration type with a value converter but with no value comparer. Set a value comparer to ensure the collection/enumeration elements are compared correctly.
warn: Microsoft.EntityFrameworkCore.Model.Validation[10620]
      The property 'Station.Hours' is a collection or enumeration type with a value converter but with no value comparer. Set a value comparer to ensure the collection/enumeration elements are compared correctly.
warn: Microsoft.EntityFrameworkCore.Model.Validation[10620]
      The property 'Station.Images' is a collection or enumeration type with a value converter but with no value comparer. Set a value comparer to ensure the collection/enumeration elements are compared correctly.
warn: Microsoft.EntityFrameworkCore.Model.Validation[10620]
      The property 'StationContact.SocialLinks' is a collection or enumeration type with a value converter but with no value comparer. Set a value comparer to ensure the collection/enumeration elements are compared correctly.
warn: Microsoft.EntityFrameworkCore.Model.Validation[10620]
      The property 'User.BrandAccess' is a collection or enumeration type with a value converter but with no value comparer. Set a value comparer to ensure the collection/enumeration elements are compared correctly.
warn: Microsoft.EntityFrameworkCore.Model.Validation[10620]
      The property 'User.Permissions' is a collection or enumeration type with a value converter but with no value comparer. Set a value comparer to ensure the collection/enumeration elements are compared correctly.
fail: AdminPanel[0]
      Error seeding database: Access denied for user 'ovolt_user'@'%' to database 'admin_panel_db'
      MySqlConnector.MySqlException (0x80004005): Access denied for user 'ovolt_user'@'%' to database 'admin_panel_db'
         at MySqlConnector.Core.ServerSession.ReceiveReplyAsync(IOBehavior ioBehavior, CancellationToken cancellationToken) in /_/src/MySqlConnector/Core/ServerSession.cs:line 894
         at MySqlConnector.Core.ResultSet.ReadResultSetHeaderAsync(IOBehavior ioBehavior) in /_/src/MySqlConnector/Core/ResultSet.cs:line 37
         at MySqlConnector.MySqlDataReader.ActivateResultSet(CancellationToken cancellationToken) in /_/src/MySqlConnector/MySqlDataReader.cs:line 130
         at MySqlConnector.MySqlDataReader.InitAsync(CommandListPosition commandListPosition, ICommandPayloadCreator payloadCreator, IDictionary`2 cachedProcedures, IMySqlCommand command, CommandBehavior behavior, Activity activity, IOBehavior ioBehavior, CancellationToken cancellationToken) in /_/src/MySqlConnector/MySqlDataReader.cs:line 483
         at MySqlConnector.Core.CommandExecutor.ExecuteReaderAsync(CommandListPosition commandListPosition, ICommandPayloadCreator payloadCreator, CommandBehavior behavior, Activity activity, IOBehavior ioBehavior, CancellationToken cancellationToken) in /_/src/MySqlConnector/Core/CommandExecutor.cs:line 56
         at MySqlConnector.MySqlCommand.ExecuteNonQueryAsync(IOBehavior ioBehavior, CancellationToken cancellationToken) in /_/src/MySqlConnector/MySqlCommand.cs:line 309
         at MySqlConnector.MySqlCommand.ExecuteNonQuery() in /_/src/MySqlConnector/MySqlCommand.cs:line 108
         at Pomelo.EntityFrameworkCore.MySql.Storage.Internal.MySqlDatabaseCreator.<>c__DisplayClass18_0.<Exists>b__0(DateTime giveUp)
         at Microsoft.EntityFrameworkCore.ExecutionStrategyExtensions.<>c__DisplayClass12_0`2.<Execute>b__0(DbContext _, TState s)
         at Pomelo.EntityFrameworkCore.MySql.Storage.Internal.MySqlExecutionStrategy.Execute[TState,TResult](TState state, Func`3 operation, Func`3 verifySucceeded)
         at Microsoft.EntityFrameworkCore.ExecutionStrategyExtensions.Execute[TState,TResult](IExecutionStrategy strategy, TState state, Func`2 operation, Func`2 verifySucceeded)
         at Microsoft.EntityFrameworkCore.ExecutionStrategyExtensions.Execute[TState,TResult](IExecutionStrategy strategy, TState state, Func`2 operation)
         at Pomelo.EntityFrameworkCore.MySql.Storage.Internal.MySqlDatabaseCreator.Exists(Boolean retryOnNotExists)
         at Pomelo.EntityFrameworkCore.MySql.Storage.Internal.MySqlDatabaseCreator.Exists()
         at Microsoft.EntityFrameworkCore.Storage.RelationalDatabaseCreator.EnsureCreated()
         at Microsoft.EntityFrameworkCore.Infrastructure.DatabaseFacade.EnsureCreated()
         at AdminPanel.Data.DbSeeder.SeedAsync(AdminPanelDbContext context, IServiceProvider serviceProvider) in /mnt/DiskData/prjt/dotnet/ovolt+sharz.net/admin_panel/backend/Data/DbSeeder.cs:line 12
         at Program.<Main>$(String[] args) in /mnt/DiskData/prjt/dotnet/ovolt+sharz.net/admin_panel/backend/Program.cs:line 125
info: Microsoft.Hosting.Lifetime[14]
      Now listening on: http://localhost:5000
info: Microsoft.Hosting.Lifetime[0]
      Application started. Press Ctrl+C to shut down.
info: Microsoft.Hosting.Lifetime[0]
      Hosting environment: Development
info: Microsoft.Hosting.Lifetime[0]
      Content root path: /mnt/DiskData/prjt/dotnet/ovolt+sharz.net/admin_panel/backend
warn: Microsoft.AspNetCore.HttpsPolicy.HttpsRedirectionMiddleware[3]
      Failed to determine the https port for redirect.
fail: Microsoft.EntityFrameworkCore.Database.Connection[20004]
      An error occurred using the connection to database 'admin_panel_db' on server 'mysql-direct.deeperincode.com'.
fail: Microsoft.EntityFrameworkCore.Query[10100]
      An exception occurred while iterating over the results of a query for context type 'AdminPanel.Data.AdminPanelDbContext'.
      MySqlConnector.MySqlException (0x80004005): Access denied for user 'ovolt_user'@'%' to database 'admin_panel_db'
         at MySqlConnector.Core.ServerSession.ReceiveReplyAsync(IOBehavior ioBehavior, CancellationToken cancellationToken) in /_/src/MySqlConnector/Core/ServerSession.cs:line 894
         at MySqlConnector.Core.ServerSession.ConnectAsync(ConnectionSettings cs, MySqlConnection connection, Int64 startingTimestamp, ILoadBalancer loadBalancer, Activity activity, IOBehavior ioBehavior, CancellationToken cancellationToken) in /_/src/MySqlConnector/Core/ServerSession.cs:line 532
         at MySqlConnector.Core.ConnectionPool.ConnectSessionAsync(MySqlConnection connection, Action`4 logMessage, Int64 startingTimestamp, Activity activity, IOBehavior ioBehavior, CancellationToken cancellationToken) in /_/src/MySqlConnector/Core/ConnectionPool.cs:line 428
         at MySqlConnector.Core.ConnectionPool.ConnectSessionAsync(MySqlConnection connection, Action`4 logMessage, Int64 startingTimestamp, Activity activity, IOBehavior ioBehavior, CancellationToken cancellationToken) in /_/src/MySqlConnector/Core/ConnectionPool.cs:line 433
         at MySqlConnector.Core.ConnectionPool.GetSessionAsync(MySqlConnection connection, Int64 startingTimestamp, Int32 timeoutMilliseconds, Activity activity, IOBehavior ioBehavior, CancellationToken cancellationToken) in /_/src/MySqlConnector/Core/ConnectionPool.cs:line 111
         at MySqlConnector.Core.ConnectionPool.GetSessionAsync(MySqlConnection connection, Int64 startingTimestamp, Int32 timeoutMilliseconds, Activity activity, IOBehavior ioBehavior, CancellationToken cancellationToken) in /_/src/MySqlConnector/Core/ConnectionPool.cs:line 144
         at MySqlConnector.MySqlConnection.CreateSessionAsync(ConnectionPool pool, Int64 startingTimestamp, Activity activity, Nullable`1 ioBehavior, CancellationToken cancellationToken) in /_/src/MySqlConnector/MySqlConnection.cs:line 919
         at MySqlConnector.MySqlConnection.OpenAsync(Nullable`1 ioBehavior, CancellationToken cancellationToken) in /_/src/MySqlConnector/MySqlConnection.cs:line 419
         at Microsoft.EntityFrameworkCore.Storage.RelationalConnection.OpenInternalAsync(Boolean errorsExpected, CancellationToken cancellationToken)
         at Microsoft.EntityFrameworkCore.Storage.RelationalConnection.OpenInternalAsync(Boolean errorsExpected, CancellationToken cancellationToken)
         at Microsoft.EntityFrameworkCore.Storage.RelationalConnection.OpenAsync(CancellationToken cancellationToken, Boolean errorsExpected)
         at Pomelo.EntityFrameworkCore.MySql.Storage.Internal.MySqlRelationalConnection.OpenAsync(CancellationToken cancellationToken, Boolean errorsExpected)
         at Microsoft.EntityFrameworkCore.Storage.RelationalCommand.ExecuteReaderAsync(RelationalCommandParameterObject parameterObject, CancellationToken cancellationToken)
         at Microsoft.EntityFrameworkCore.Query.Internal.SingleQueryingEnumerable`1.AsyncEnumerator.InitializeReaderAsync(AsyncEnumerator enumerator, CancellationToken cancellationToken)
         at Pomelo.EntityFrameworkCore.MySql.Storage.Internal.MySqlExecutionStrategy.ExecuteAsync[TState,TResult](TState state, Func`4 operation, Func`4 verifySucceeded, CancellationToken cancellationToken)
         at Microsoft.EntityFrameworkCore.Query.Internal.SingleQueryingEnumerable`1.AsyncEnumerator.MoveNextAsync()
      MySqlConnector.MySqlException (0x80004005): Access denied for user 'ovolt_user'@'%' to database 'admin_panel_db'
         at MySqlConnector.Core.ServerSession.ReceiveReplyAsync(IOBehavior ioBehavior, CancellationToken cancellationToken) in /_/src/MySqlConnector/Core/ServerSession.cs:line 894
         at MySqlConnector.Core.ServerSession.ConnectAsync(ConnectionSettings cs, MySqlConnection connection, Int64 startingTimestamp, ILoadBalancer loadBalancer, Activity activity, IOBehavior ioBehavior, CancellationToken cancellationToken) in /_/src/MySqlConnector/Core/ServerSession.cs:line 532
         at MySqlConnector.Core.ConnectionPool.ConnectSessionAsync(MySqlConnection connection, Action`4 logMessage, Int64 startingTimestamp, Activity activity, IOBehavior ioBehavior, CancellationToken cancellationToken) in /_/src/MySqlConnector/Core/ConnectionPool.cs:line 428
         at MySqlConnector.Core.ConnectionPool.ConnectSessionAsync(MySqlConnection connection, Action`4 logMessage, Int64 startingTimestamp, Activity activity, IOBehavior ioBehavior, CancellationToken cancellationToken) in /_/src/MySqlConnector/Core/ConnectionPool.cs:line 433
         at MySqlConnector.Core.ConnectionPool.GetSessionAsync(MySqlConnection connection, Int64 startingTimestamp, Int32 timeoutMilliseconds, Activity activity, IOBehavior ioBehavior, CancellationToken cancellationToken) in /_/src/MySqlConnector/Core/ConnectionPool.cs:line 111
         at MySqlConnector.Core.ConnectionPool.GetSessionAsync(MySqlConnection connection, Int64 startingTimestamp, Int32 timeoutMilliseconds, Activity activity, IOBehavior ioBehavior, CancellationToken cancellationToken) in /_/src/MySqlConnector/Core/ConnectionPool.cs:line 144
         at MySqlConnector.MySqlConnection.CreateSessionAsync(ConnectionPool pool, Int64 startingTimestamp, Activity activity, Nullable`1 ioBehavior, CancellationToken cancellationToken) in /_/src/MySqlConnector/MySqlConnection.cs:line 919
         at MySqlConnector.MySqlConnection.OpenAsync(Nullable`1 ioBehavior, CancellationToken cancellationToken) in /_/src/MySqlConnector/MySqlConnection.cs:line 419
         at Microsoft.EntityFrameworkCore.Storage.RelationalConnection.OpenInternalAsync(Boolean errorsExpected, CancellationToken cancellationToken)
         at Microsoft.EntityFrameworkCore.Storage.RelationalConnection.OpenInternalAsync(Boolean errorsExpected, CancellationToken cancellationToken)
         at Microsoft.EntityFrameworkCore.Storage.RelationalConnection.OpenAsync(CancellationToken cancellationToken, Boolean errorsExpected)
         at Pomelo.EntityFrameworkCore.MySql.Storage.Internal.MySqlRelationalConnection.OpenAsync(CancellationToken cancellationToken, Boolean errorsExpected)
         at Microsoft.EntityFrameworkCore.Storage.RelationalCommand.ExecuteReaderAsync(RelationalCommandParameterObject parameterObject, CancellationToken cancellationToken)
         at Microsoft.EntityFrameworkCore.Query.Internal.SingleQueryingEnumerable`1.AsyncEnumerator.InitializeReaderAsync(AsyncEnumerator enumerator, CancellationToken cancellationToken)
         at Pomelo.EntityFrameworkCore.MySql.Storage.Internal.MySqlExecutionStrategy.ExecuteAsync[TState,TResult](TState state, Func`4 operation, Func`4 verifySucceeded, CancellationToken cancellationToken)
         at Microsoft.EntityFrameworkCore.Query.Internal.SingleQueryingEnumerable`1.AsyncEnumerator.MoveNextAsync()
fail: AdminPanel.Services.AuthService[0]
      Error during login for user test@test.com
      MySqlConnector.MySqlException (0x80004005): Access denied for user 'ovolt_user'@'%' to database 'admin_panel_db'
         at MySqlConnector.Core.ServerSession.ReceiveReplyAsync(IOBehavior ioBehavior, CancellationToken cancellationToken) in /_/src/MySqlConnector/Core/ServerSession.cs:line 894
         at MySqlConnector.Core.ServerSession.ConnectAsync(ConnectionSettings cs, MySqlConnection connection, Int64 startingTimestamp, ILoadBalancer loadBalancer, Activity activity, IOBehavior ioBehavior, CancellationToken cancellationToken) in /_/src/MySqlConnector/Core/ServerSession.cs:line 532
         at MySqlConnector.Core.ConnectionPool.ConnectSessionAsync(MySqlConnection connection, Action`4 logMessage, Int64 startingTimestamp, Activity activity, IOBehavior ioBehavior, CancellationToken cancellationToken) in /_/src/MySqlConnector/Core/ConnectionPool.cs:line 428
         at MySqlConnector.Core.ConnectionPool.ConnectSessionAsync(MySqlConnection connection, Action`4 logMessage, Int64 startingTimestamp, Activity activity, IOBehavior ioBehavior, CancellationToken cancellationToken) in /_/src/MySqlConnector/Core/ConnectionPool.cs:line 433
         at MySqlConnector.Core.ConnectionPool.GetSessionAsync(MySqlConnection connection, Int64 startingTimestamp, Int32 timeoutMilliseconds, Activity activity, IOBehavior ioBehavior, CancellationToken cancellationToken) in /_/src/MySqlConnector/Core/ConnectionPool.cs:line 111
         at MySqlConnector.Core.ConnectionPool.GetSessionAsync(MySqlConnection connection, Int64 startingTimestamp, Int32 timeoutMilliseconds, Activity activity, IOBehavior ioBehavior, CancellationToken cancellationToken) in /_/src/MySqlConnector/Core/ConnectionPool.cs:line 144
         at MySqlConnector.MySqlConnection.CreateSessionAsync(ConnectionPool pool, Int64 startingTimestamp, Activity activity, Nullable`1 ioBehavior, CancellationToken cancellationToken) in /_/src/MySqlConnector/MySqlConnection.cs:line 919
         at MySqlConnector.MySqlConnection.OpenAsync(Nullable`1 ioBehavior, CancellationToken cancellationToken) in /_/src/MySqlConnector/MySqlConnection.cs:line 419
         at Microsoft.EntityFrameworkCore.Storage.RelationalConnection.OpenInternalAsync(Boolean errorsExpected, CancellationToken cancellationToken)
         at Microsoft.EntityFrameworkCore.Storage.RelationalConnection.OpenInternalAsync(Boolean errorsExpected, CancellationToken cancellationToken)
         at Microsoft.EntityFrameworkCore.Storage.RelationalConnection.OpenAsync(CancellationToken cancellationToken, Boolean errorsExpected)
         at Pomelo.EntityFrameworkCore.MySql.Storage.Internal.MySqlRelationalConnection.OpenAsync(CancellationToken cancellationToken, Boolean errorsExpected)
         at Microsoft.EntityFrameworkCore.Storage.RelationalCommand.ExecuteReaderAsync(RelationalCommandParameterObject parameterObject, CancellationToken cancellationToken)
         at Microsoft.EntityFrameworkCore.Query.Internal.SingleQueryingEnumerable`1.AsyncEnumerator.InitializeReaderAsync(AsyncEnumerator enumerator, CancellationToken cancellationToken)
         at Pomelo.EntityFrameworkCore.MySql.Storage.Internal.MySqlExecutionStrategy.ExecuteAsync[TState,TResult](TState state, Func`4 operation, Func`4 verifySucceeded, CancellationToken cancellationToken)
         at Microsoft.EntityFrameworkCore.Query.Internal.SingleQueryingEnumerable`1.AsyncEnumerator.MoveNextAsync()
         at Microsoft.EntityFrameworkCore.Query.ShapedQueryCompilingExpressionVisitor.SingleOrDefaultAsync[TSource](IAsyncEnumerable`1 asyncEnumerable, CancellationToken cancellationToken)
         at Microsoft.EntityFrameworkCore.Query.ShapedQueryCompilingExpressionVisitor.SingleOrDefaultAsync[TSource](IAsyncEnumerable`1 asyncEnumerable, CancellationToken cancellationToken)
         at AdminPanel.Services.AuthService.GetUserByEmailAsync(String email) in /mnt/DiskData/prjt/dotnet/ovolt+sharz.net/admin_panel/backend/Services/AuthService.cs:line 123
         at AdminPanel.Services.AuthService.LoginAsync(LoginRequest request) in /mnt/DiskData/prjt/dotnet/ovolt+sharz.net/admin_panel/backend/Services/AuthService.cs:line 30
info: Microsoft.EntityFrameworkCore.Database.Command[20101]
      Executed DbCommand (215ms) [Parameters=[@__email_0='?' (Size = 255)], CommandType='Text', CommandTimeout='30']
      SELECT `u`.`Id`, `u`.`BrandAccess`, `u`.`CreatedAt`, `u`.`Email`, `u`.`LastLogin`, `u`.`Name`, `u`.`PasswordHash`, `u`.`Permissions`, `u`.`Role`, `u`.`Status`, `u`.`UpdatedAt`
      FROM `Users` AS `u`
      WHERE `u`.`Email` = @__email_0
      LIMIT 1
info: Microsoft.EntityFrameworkCore.Database.Command[20101]
      Executed DbCommand (563ms) [Parameters=[@__id_0='?' (Size = 255)], CommandType='Text', CommandTimeout='30']
      SELECT `u`.`Id`, `u`.`BrandAccess`, `u`.`CreatedAt`, `u`.`Email`, `u`.`LastLogin`, `u`.`Name`, `u`.`PasswordHash`, `u`.`Permissions`, `u`.`Role`, `u`.`Status`, `u`.`UpdatedAt`
      FROM `Users` AS `u`
      WHERE `u`.`Id` = @__id_0
      LIMIT 1
info: Microsoft.EntityFrameworkCore.Database.Command[20101]
      Executed DbCommand (234ms) [Parameters=[@p1='?' (Size = 255), @p0='?' (DbType = DateTime)], CommandType='Text', CommandTimeout='30']
      SET AUTOCOMMIT = 1;
      UPDATE `Users` SET `LastLogin` = @p0
      WHERE `Id` = @p1;
      SELECT ROW_COUNT();
info: Microsoft.EntityFrameworkCore.Database.Command[20101]
      Executed DbCommand (95ms) [Parameters=[@__id_0='?' (Size = 255)], CommandType='Text', CommandTimeout='30']
      SELECT `u`.`Id`, `u`.`BrandAccess`, `u`.`CreatedAt`, `u`.`Email`, `u`.`LastLogin`, `u`.`Name`, `u`.`PasswordHash`, `u`.`Permissions`, `u`.`Role`, `u`.`Status`, `u`.`UpdatedAt`
      FROM `Users` AS `u`
      WHERE `u`.`Id` = @__id_0
      LIMIT 1
info: Microsoft.EntityFrameworkCore.Database.Command[20101]
      Executed DbCommand (89ms) [Parameters=[@__id_0='?' (Size = 255)], CommandType='Text', CommandTimeout='30']
      SELECT `u`.`Id`, `u`.`BrandAccess`, `u`.`CreatedAt`, `u`.`Email`, `u`.`LastLogin`, `u`.`Name`, `u`.`PasswordHash`, `u`.`Permissions`, `u`.`Role`, `u`.`Status`, `u`.`UpdatedAt`
      FROM `Users` AS `u`
      WHERE `u`.`Id` = @__id_0
      LIMIT 1
info: Microsoft.EntityFrameworkCore.Database.Command[20101]
      Executed DbCommand (107ms) [Parameters=[@__id_0='?' (Size = 255)], CommandType='Text', CommandTimeout='30']
      SELECT `u`.`Id`, `u`.`BrandAccess`, `u`.`CreatedAt`, `u`.`Email`, `u`.`LastLogin`, `u`.`Name`, `u`.`PasswordHash`, `u`.`Permissions`, `u`.`Role`, `u`.`Status`, `u`.`UpdatedAt`
      FROM `Users` AS `u`
      WHERE `u`.`Id` = @__id_0
      LIMIT 1
info: Microsoft.EntityFrameworkCore.Database.Command[20101]
      Executed DbCommand (91ms) [Parameters=[@__id_0='?' (Size = 255)], CommandType='Text', CommandTimeout='30']
      SELECT `u`.`Id`, `u`.`BrandAccess`, `u`.`CreatedAt`, `u`.`Email`, `u`.`LastLogin`, `u`.`Name`, `u`.`PasswordHash`, `u`.`Permissions`, `u`.`Role`, `u`.`Status`, `u`.`UpdatedAt`
      FROM `Users` AS `u`
      WHERE `u`.`Id` = @__id_0
      LIMIT 1
info: Microsoft.EntityFrameworkCore.Database.Command[20101]
      Executed DbCommand (89ms) [Parameters=[@__id_0='?' (Size = 255)], CommandType='Text', CommandTimeout='30']
      SELECT `u`.`Id`, `u`.`BrandAccess`, `u`.`CreatedAt`, `u`.`Email`, `u`.`LastLogin`, `u`.`Name`, `u`.`PasswordHash`, `u`.`Permissions`, `u`.`Role`, `u`.`Status`, `u`.`UpdatedAt`
      FROM `Users` AS `u`
      WHERE `u`.`Id` = @__id_0
      LIMIT 1
info: Microsoft.EntityFrameworkCore.Database.Command[20101]
      Executed DbCommand (97ms) [Parameters=[@__id_0='?' (Size = 255)], CommandType='Text', CommandTimeout='30']
      SELECT `u`.`Id`, `u`.`BrandAccess`, `u`.`CreatedAt`, `u`.`Email`, `u`.`LastLogin`, `u`.`Name`, `u`.`PasswordHash`, `u`.`Permissions`, `u`.`Role`, `u`.`Status`, `u`.`UpdatedAt`
      FROM `Users` AS `u`
      WHERE `u`.`Id` = @__id_0
      LIMIT 1
info: Microsoft.EntityFrameworkCore.Database.Command[20101]
      Executed DbCommand (99ms) [Parameters=[@__id_0='?' (Size = 255)], CommandType='Text', CommandTimeout='30']
      SELECT `u`.`Id`, `u`.`BrandAccess`, `u`.`CreatedAt`, `u`.`Email`, `u`.`LastLogin`, `u`.`Name`, `u`.`PasswordHash`, `u`.`Permissions`, `u`.`Role`, `u`.`Status`, `u`.`UpdatedAt`
      FROM `Users` AS `u`
      WHERE `u`.`Id` = @__id_0
      LIMIT 1
info: Microsoft.EntityFrameworkCore.Database.Command[20101]
      Executed DbCommand (94ms) [Parameters=[@__id_0='?' (Size = 255)], CommandType='Text', CommandTimeout='30']
      SELECT `u`.`Id`, `u`.`BrandAccess`, `u`.`CreatedAt`, `u`.`Email`, `u`.`LastLogin`, `u`.`Name`, `u`.`PasswordHash`, `u`.`Permissions`, `u`.`Role`, `u`.`Status`, `u`.`UpdatedAt`
      FROM `Users` AS `u`
      WHERE `u`.`Id` = @__id_0
      LIMIT 1
info: Microsoft.EntityFrameworkCore.Database.Command[20101]
      Executed DbCommand (205ms) [Parameters=[@__id_0='?' (Size = 255)], CommandType='Text', CommandTimeout='30']
      SELECT `u`.`Id`, `u`.`BrandAccess`, `u`.`CreatedAt`, `u`.`Email`, `u`.`LastLogin`, `u`.`Name`, `u`.`PasswordHash`, `u`.`Permissions`, `u`.`Role`, `u`.`Status`, `u`.`UpdatedAt`
      FROM `Users` AS `u`
      WHERE `u`.`Id` = @__id_0
      LIMIT 1
info: Microsoft.EntityFrameworkCore.Database.Command[20101]
      Executed DbCommand (90ms) [Parameters=[@__id_0='?' (Size = 255)], CommandType='Text', CommandTimeout='30']
      SELECT `u`.`Id`, `u`.`BrandAccess`, `u`.`CreatedAt`, `u`.`Email`, `u`.`LastLogin`, `u`.`Name`, `u`.`PasswordHash`, `u`.`Permissions`, `u`.`Role`, `u`.`Status`, `u`.`UpdatedAt`
      FROM `Users` AS `u`
      WHERE `u`.`Id` = @__id_0
      LIMIT 1
